<?xml version="1.0" encoding="UTF-8"?>
<testng-results ignored="0" total="2" passed="2" failed="0" skipped="0">
  <reporter-output>
  </reporter-output>
  <suite started-at="2022-06-11T14:36:12 WITA" name="UsersSuite" finished-at="2022-06-11T14:36:17 WITA" duration-ms="4999">
    <groups>
    </groups>
    <test started-at="2022-06-11T14:36:12 WITA" name="UsersTest" finished-at="2022-06-11T14:36:17 WITA" duration-ms="4999">
      <class name="TestUser.ListUsersTest">
        <test-method signature="successGetUsers(org.testng.ITestContext)[pri:0, instance:TestUser.ListUsersTest@64cd705f]" started-at="2022-06-11T14:36:12 WITA" name="successGetUsers" finished-at="2022-06-11T14:36:17 WITA" duration-ms="4742" status="PASS">
          <params>
            <param index="0">
              <value>
                <![CDATA[org.testng.TestRunner@3754a4bf]]>
              </value>
            </param>
          </params>
          <reporter-output>
          </reporter-output>
        </test-method> <!-- successGetUsers -->
      </class> <!-- TestUser.ListUsersTest -->
      <class name="TestUser.TestSingleUsers">
        <test-method signature="pertama(org.testng.ITestContext)[pri:0, instance:TestUser.TestSingleUsers@21de60b4]" started-at="2022-06-11T14:36:17 WITA" name="pertama" finished-at="2022-06-11T14:36:17 WITA" duration-ms="187" status="PASS">
          <params>
            <param index="0">
              <value>
                <![CDATA[org.testng.TestRunner@3754a4bf]]>
              </value>
            </param>
          </params>
          <reporter-output>
          </reporter-output>
        </test-method> <!-- pertama -->
      </class> <!-- TestUser.TestSingleUsers -->
    </test> <!-- UsersTest -->
  </suite> <!-- UsersSuite -->
</testng-results>
